<?xml version="1.0" encoding="UTF-8"?>
<!-- Generated by org.testng.reporters.JUnitReportReporter -->
<testsuite hostname="LAPTOP-6PVDP05M" failures="0" tests="1" name="com.OpenCartAutomation.TestCases_Registration.TC_Subscription_005" time="11.479" errors="0" timestamp="2021-11-29T10:32:26 IST" skipped="0">
  <testcase classname="com.OpenCartAutomation.TestCases_Registration.TC_Subscription_005" name="Validate_Subscription" time="11.479"/>
  <system-out/>
</testsuite> <!-- com.OpenCartAutomation.TestCases_Registration.TC_Subscription_005 -->
