<?xml version="1.0" encoding="UTF-8"?>
<!-- Generated by org.testng.reporters.JUnitReportReporter -->
<testsuite hostname="LAPTOP-6PVDP05M" failures="0" tests="1" name="com.OpenCartAutomation.TestCases.LoginTest" time="19.482" errors="0" timestamp="2021-11-22T10:05:41 IST" skipped="0">
  <testcase classname="com.OpenCartAutomation.TestCases.LoginTest" name="loginTest" time="19.482"/>
  <system-out/>
</testsuite> <!-- com.OpenCartAutomation.TestCases.LoginTest -->
