<?xml version="1.0" encoding="UTF-8"?>
<!-- Generated by org.testng.reporters.JUnitReportReporter -->
<testsuite hostname="LAPTOP-6PVDP05M" failures="0" tests="1" name="com.OpenCartAutomation.TestCases.TC_Registration_003" time="17.887" errors="0" timestamp="2021-11-24T10:00:09 IST" skipped="0">
  <testcase classname="com.OpenCartAutomation.TestCases.TC_Registration_003" name="Validate_Registration" time="17.887"/>
  <system-out/>
</testsuite> <!-- com.OpenCartAutomation.TestCases.TC_Registration_003 -->
