<?xml version="1.0" encoding="UTF-8"?>
<!-- Generated by org.testng.reporters.JUnitReportReporter -->
<testsuite skipped="0" hostname="LAPTOP-6PVDP05M" name="com.OpenCartAutomation.TestCases.TC_LoginTest_001" tests="1" failures="0" timestamp="2021-12-22T10:32:20 IST" time="19.920" errors="0">
  <testcase name="loginTest" time="19.920" classname="com.OpenCartAutomation.TestCases.TC_LoginTest_001"/>
  <system-out/>
</testsuite> <!-- com.OpenCartAutomation.TestCases.TC_LoginTest_001 -->
